<?xml version="1.0" encoding="UTF-8"?>
<!-- Generated by org.testng.reporters.JUnitReportReporter -->
<testsuite hostname="MacBook-Pro.local" failures="0" tests="1" name="api_tests.ExampleAPITests" time="2.452" errors="0" timestamp="2023-08-06T20:21:15 EDT" skipped="0">
  <testcase classname="api_tests.ExampleAPITests" name="createAPetWithJSONFile" time="2.452"/>
</testsuite> <!-- api_tests.ExampleAPITests -->
